<?xml version="1.0" encoding="UTF-8"?>
<robot generator="Robot 7.4.1 (Python 3.14.3 on win32)" generated="2026-03-05T14:33:53.698670" rpa="false" schemaversion="5">
<suite id="s1" name="Tc" source="C:\gits\automate_camp_2026\ikea_g4\testcases\tc.robot">
<test id="s1-t1" name="IKEA_004" line="14">
<kw name="Open Browser" owner="common">
<kw name="New Browser" owner="Browser">
<msg time="2026-03-05T14:33:54.155165" level="INFO">{"browser": "chromium", "headless": false, "chromiumSandbox": false, "devtools": false, "handleSIGHUP": true, "handleSIGINT": true, "handleSIGTERM": true, "slowMo": 0.0, "timeout": 30000.0, "tracesDir": "C:\\gits\\automate_camp_2026\\ikea_g4\\browser\\traces\\temp\\97686aa3-c6e7-43e9-b08f-8468618d8821"}</msg>
<msg time="2026-03-05T14:33:54.217691" level="INFO">Starting Browser process C:\Users\nitchisa.s\AppData\Local\Programs\Python\Python314\Lib\site-packages\Browser\wrapper\index.js using at 127.0.0.1:56231</msg>
<msg time="2026-03-05T14:33:55.873795" level="INFO">Successfully created browser with options: {"browser":"chromium","headless":false,"chromiumSandbox":false,"devtools":false,"handleSIGHUP":true,"handleSIGINT":true,"handleSIGTERM":true,"slowMo":0,"timeout":30000,"tracesDir":"C:\\gits\\automate_camp_2026\\ikea_g4\\browser\\traces\\temp\\97686aa3-c6e7-43e9-b08f-8468618d8821"}</msg>
<arg>chromium</arg>
<arg>${FALSE}</arg>
<tag>BrowserControl</tag>
<tag>Setter</tag>
<doc>Create a new playwright Browser with specified options.</doc>
<status status="PASS" start="2026-03-05T14:33:54.154482" elapsed="1.719554"/>
</kw>
<kw name="New Context" owner="Browser">
<msg time="2026-03-05T14:33:55.876112" level="INFO">{
  "acceptDownloads": true,
  "bypassCSP": false,
  "forcedColors": "none",
  "ignoreHTTPSErrors": false,
  "javaScriptEnabled": true,
  "offline": false,
  "reducedMotion": "no-preference",
  "serviceWorkers": "allow",
  "viewport": {
    "width": 1280,
    "height": 720
  }
}</msg>
<msg time="2026-03-05T14:33:55.891575" level="INFO">Successfully created context. </msg>
<msg time="2026-03-05T14:33:55.891685" level="INFO">{'acceptDownloads': True, 'bypassCSP': False, 'forcedColors': 'none', 'ignoreHTTPSErrors': False, 'javaScriptEnabled': True, 'offline': False, 'reducedMotion': 'no-preference', 'serviceWorkers': 'allow', 'viewport': {'width': 1280, 'height': 720}}</msg>
<tag>BrowserControl</tag>
<tag>Setter</tag>
<doc>Create a new BrowserContext with specified options.</doc>
<status status="PASS" start="2026-03-05T14:33:55.874384" elapsed="0.017397"/>
</kw>
<kw name="New Page" owner="Browser">
<msg time="2026-03-05T14:33:57.689824" level="INFO">Successfully initialized new page object and opened url: https://www.ikea.com/th</msg>
<arg>https://www.ikea.com/th</arg>
<tag>BrowserControl</tag>
<tag>Setter</tag>
<doc>Open a new Page.</doc>
<status status="PASS" start="2026-03-05T14:33:55.892021" elapsed="1.798070"/>
</kw>
<status status="PASS" start="2026-03-05T14:33:54.153815" elapsed="3.536440"/>
</kw>
<kw name="Search Product" owner="home_page">
<kw name="Fill Text" owner="Browser">
<msg time="2026-03-05T14:33:57.692928" level="INFO">Fills the text 'โคมไฟ' in the given field.</msg>
<arg>${home_locator.txt_search_input}</arg>
<arg>${product_name}</arg>
<tag>PageContent</tag>
<tag>Setter</tag>
<doc>Clears and fills the given ``txt`` into the text field found by ``selector``.</doc>
<status status="PASS" start="2026-03-05T14:33:57.692053" elapsed="0.068710"/>
</kw>
<kw name="Click" owner="Browser">
<msg time="2026-03-05T14:33:57.761937" level="INFO">Clicks the element 'css=button[type="submit"]'.</msg>
<arg>${home_locator.btn_search}</arg>
<tag>PageContent</tag>
<tag>Setter</tag>
<doc>Simulates mouse click on the element found by ``selector``.</doc>
<status status="PASS" start="2026-03-05T14:33:57.761128" elapsed="0.482544"/>
</kw>
<arg>${IKEA_004.product_type}</arg>
<status status="PASS" start="2026-03-05T14:33:57.690919" elapsed="0.552976"/>
</kw>
<kw name="Verify Product keyword by product type" owner="product_page">
<kw name="Get Text" owner="Browser">
<msg time="2026-03-05T14:34:00.149483" level="INFO">Text: '276 items for "โคมไฟ"'</msg>
<msg time="2026-03-05T14:34:00.149772" level="INFO">${product_keyword} = 276 items for "โคมไฟ"</msg>
<var>${product_keyword}</var>
<arg>${product_locator.lbl_product_keyword}</arg>
<tag>Assertion</tag>
<tag>Getter</tag>
<tag>PageContent</tag>
<doc>Returns text attribute of the element found by ``selector``.</doc>
<status status="PASS" start="2026-03-05T14:33:58.245718" elapsed="1.904101"/>
</kw>
<kw name="Should Contain" owner="BuiltIn">
<arg>${product_keyword}</arg>
<arg>${product_type}</arg>
<doc>Fails if ``container`` does not contain ``item`` one or more times.</doc>
<status status="PASS" start="2026-03-05T14:34:00.150137" elapsed="0.001070"/>
</kw>
<arg>${IKEA_004.product_type}</arg>
<status status="PASS" start="2026-03-05T14:33:58.244514" elapsed="1.906833"/>
</kw>
<kw name="Select product by product name" owner="product_page">
<kw name="Replace String" owner="String">
<msg time="2026-03-05T14:34:00.154145" level="INFO">${product_locator.lbl_product_name} = css=[data-product-name="BARLAST บอร์ลัสต์"] span:has-text("BARLAST บอร์ลัสต์")</msg>
<var>${product_locator.lbl_product_name}</var>
<arg>${product_locator.lbl_product_name}</arg>
<arg>***product_name***</arg>
<arg>${product_name}</arg>
<doc>Replaces ``search_for`` in the given ``string`` with ``replace_with``.</doc>
<status status="PASS" start="2026-03-05T14:34:00.153177" elapsed="0.001019"/>
</kw>
<kw name="Log To Console" owner="BuiltIn">
<arg>${product_locator.lbl_product_name}</arg>
<doc>Logs the given message to the console.</doc>
<status status="PASS" start="2026-03-05T14:34:00.154438" elapsed="0.000777"/>
</kw>
<arg>${IKEA_004.product_name}</arg>
<status status="PASS" start="2026-03-05T14:34:00.152013" elapsed="0.003402"/>
</kw>
<msg time="2026-03-05T14:34:00.172416" level="INFO">Switching context to context=b9f9eaa2-f686-4a35-b23f-cf45546b145c in CURRENT</msg>
<msg time="2026-03-05T14:34:00.183824" level="INFO">Successfully changed active context: context=b9f9eaa2-f686-4a35-b23f-cf45546b145c</msg>
<msg time="2026-03-05T14:34:00.210629" level="INFO">Successfully closed Context</msg>
<status status="PASS" start="2026-03-05T14:33:54.152702" elapsed="6.003027"/>
</test>
<status status="PASS" start="2026-03-05T14:33:53.701233" elapsed="6.510945"/>
</suite>
<statistics>
<total>
<stat pass="1" fail="0" skip="0">All Tests</stat>
</total>
<tag>
</tag>
<suite>
<stat name="Tc" id="s1" pass="1" fail="0" skip="0">Tc</stat>
</suite>
</statistics>
<errors>
<msg time="2026-03-05T14:33:54.141075" level="WARN">Imported resource file 'C:\gits\automate_camp_2026\ikea_g4\keywords\pages\login_page.robot' is empty.</msg>
<msg time="2026-03-05T14:33:54.142973" level="WARN">Imported resource file 'C:\gits\automate_camp_2026\ikea_g4\keywords\pages\register_page.robot' is empty.</msg>
<msg time="2026-03-05T14:33:54.144392" level="WARN">Imported resource file 'C:\gits\automate_camp_2026\ikea_g4\resources\locators\login_locator.robot' is empty.</msg>
<msg time="2026-03-05T14:33:54.145529" level="WARN">Imported resource file 'C:\gits\automate_camp_2026\ikea_g4\resources\locators\register_locator.robot' is empty.</msg>
</errors>
</robot>
